<?xml version="1.0" encoding="UTF-8"?>
<!-- Generated by org.testng.reporters.JUnitReportReporter -->
<testsuite hostname="LAPTOP-PAML6QAG" failures="0" tests="2" name="practice.AddToCartTest" time="0.012" errors="0" timestamp="2022-09-26T19:52:32 IST" skipped="0">
  <testcase classname="practice.AddToCartTest" name="removeCartTest" time="0.001"/>
  <system-out/>
  <testcase classname="practice.AddToCartTest" name="addToCartTest" time="0.011"/>
  <system-out/>
</testsuite> <!-- practice.AddToCartTest -->
