<?xml version="1.0" encoding="UTF-8"?>
<!-- Generated by org.testng.reporters.JUnitReportReporter -->
<testsuite hostname="LAPTOP-PAML6QAG" failures="0" tests="1" name="practice.AddToCartTest" time="0.007" errors="0" timestamp="2022-09-22T12:19:03 IST" skipped="0">
  <testcase classname="practice.AddToCartTest" name="addToCartTest" time="0.007"/>
  <system-out/>
</testsuite> <!-- practice.AddToCartTest -->
